<?xml version="1.0" encoding="UTF-8"?>
<testsuite xmlns:xsi="http://www.w3.org/2001/XMLSchema-instance" xsi:noNamespaceSchemaLocation="https://maven.apache.org/surefire/maven-surefire-plugin/xsd/surefire-test-report.xsd" name="TestSuite" time="41.716" tests="4" errors="0" skipped="3" failures="0">
  <properties>
    <property name="gopherProxySet" value="false"/>
    <property name="awt.toolkit" value="sun.lwawt.macosx.LWCToolkit"/>
    <property name="java.specification.version" value="11"/>
    <property name="sun.cpu.isalist" value=""/>
    <property name="sun.jnu.encoding" value="UTF-8"/>
    <property name="java.class.path" value="/Users/vivek/eclipse-workspace/datadriven.core/target/test-classes:/Users/vivek/eclipse-workspace/datadriven.core/target/classes:/Users/vivek/.m2/repository/commons-io/commons-io/2.6/commons-io-2.6.jar:/Users/vivek/.m2/repository/org/seleniumhq/selenium/selenium-java/3.12.0/selenium-java-3.12.0.jar:/Users/vivek/.m2/repository/org/seleniumhq/selenium/selenium-api/3.12.0/selenium-api-3.12.0.jar:/Users/vivek/.m2/repository/org/seleniumhq/selenium/selenium-chrome-driver/3.12.0/selenium-chrome-driver-3.12.0.jar:/Users/vivek/.m2/repository/org/seleniumhq/selenium/selenium-edge-driver/3.12.0/selenium-edge-driver-3.12.0.jar:/Users/vivek/.m2/repository/org/seleniumhq/selenium/selenium-firefox-driver/3.12.0/selenium-firefox-driver-3.12.0.jar:/Users/vivek/.m2/repository/org/seleniumhq/selenium/selenium-ie-driver/3.12.0/selenium-ie-driver-3.12.0.jar:/Users/vivek/.m2/repository/org/seleniumhq/selenium/selenium-opera-driver/3.12.0/selenium-opera-driver-3.12.0.jar:/Users/vivek/.m2/repository/org/seleniumhq/selenium/selenium-remote-driver/3.12.0/selenium-remote-driver-3.12.0.jar:/Users/vivek/.m2/repository/org/seleniumhq/selenium/selenium-safari-driver/3.12.0/selenium-safari-driver-3.12.0.jar:/Users/vivek/.m2/repository/org/seleniumhq/selenium/selenium-support/3.12.0/selenium-support-3.12.0.jar:/Users/vivek/.m2/repository/net/bytebuddy/byte-buddy/1.8.3/byte-buddy-1.8.3.jar:/Users/vivek/.m2/repository/org/apache/commons/commons-exec/1.3/commons-exec-1.3.jar:/Users/vivek/.m2/repository/commons-codec/commons-codec/1.10/commons-codec-1.10.jar:/Users/vivek/.m2/repository/commons-logging/commons-logging/1.2/commons-logging-1.2.jar:/Users/vivek/.m2/repository/com/google/code/gson/gson/2.8.2/gson-2.8.2.jar:/Users/vivek/.m2/repository/com/google/guava/guava/23.6-jre/guava-23.6-jre.jar:/Users/vivek/.m2/repository/com/google/code/findbugs/jsr305/1.3.9/jsr305-1.3.9.jar:/Users/vivek/.m2/repository/org/checkerframework/checker-compat-qual/2.0.0/checker-compat-qual-2.0.0.jar:/Users/vivek/.m2/repository/com/google/errorprone/error_prone_annotations/2.1.3/error_prone_annotations-2.1.3.jar:/Users/vivek/.m2/repository/com/google/j2objc/j2objc-annotations/1.1/j2objc-annotations-1.1.jar:/Users/vivek/.m2/repository/org/codehaus/mojo/animal-sniffer-annotations/1.14/animal-sniffer-annotations-1.14.jar:/Users/vivek/.m2/repository/com/squareup/okhttp3/okhttp/3.9.1/okhttp-3.9.1.jar:/Users/vivek/.m2/repository/com/squareup/okio/okio/1.13.0/okio-1.13.0.jar:/Users/vivek/.m2/repository/org/testng/testng/6.14.3/testng-6.14.3.jar:/Users/vivek/.m2/repository/com/beust/jcommander/1.72/jcommander-1.72.jar:/Users/vivek/.m2/repository/org/apache-extras/beanshell/bsh/2.0b6/bsh-2.0b6.jar:/Users/vivek/.m2/repository/com/codoid/products/fillo/1.18/fillo-1.18.jar:/Users/vivek/.m2/repository/org/apache/poi/poi/3.6/poi-3.6.jar:/Users/vivek/.m2/repository/log4j/log4j/1.2.13/log4j-1.2.13.jar:/Users/vivek/.m2/repository/org/apache/poi/poi-ooxml/3.6/poi-ooxml-3.6.jar:/Users/vivek/.m2/repository/org/apache/poi/poi-ooxml-schemas/3.6/poi-ooxml-schemas-3.6.jar:/Users/vivek/.m2/repository/org/apache/geronimo/specs/geronimo-stax-api_1.0_spec/1.0/geronimo-stax-api_1.0_spec-1.0.jar:/Users/vivek/.m2/repository/org/apache/poi/poi-scratchpad/3.17/poi-scratchpad-3.17.jar:/Users/vivek/.m2/repository/org/apache/poi/ooxml-schemas/1.3/ooxml-schemas-1.3.jar:/Users/vivek/.m2/repository/org/apache/poi/openxml4j/1.0-beta/openxml4j-1.0-beta.jar:/Users/vivek/.m2/repository/dom4j/dom4j/1.6.1/dom4j-1.6.1.jar:/Users/vivek/.m2/repository/xml-apis/xml-apis/1.0.b2/xml-apis-1.0.b2.jar:/Users/vivek/.m2/repository/org/apache/xmlbeans/xmlbeans/2.6.0/xmlbeans-2.6.0.jar:/Users/vivek/.m2/repository/stax/stax-api/1.0.1/stax-api-1.0.1.jar:/Users/vivek/.m2/repository/com/relevantcodes/extentreports/2.41.2/extentreports-2.41.2.jar:/Users/vivek/.m2/repository/org/jsoup/jsoup/1.8.3/jsoup-1.8.3.jar:/Users/vivek/.m2/repository/org/xerial/sqlite-jdbc/3.8.11.1/sqlite-jdbc-3.8.11.1.jar:/Users/vivek/.m2/repository/org/freemarker/freemarker/2.3.23/freemarker-2.3.23.jar:/Users/vivek/.m2/repository/org/mongodb/mongodb-driver/3.0.4/mongodb-driver-3.0.4.jar:/Users/vivek/.m2/repository/org/mongodb/bson/3.0.4/bson-3.0.4.jar:/Users/vivek/.m2/repository/org/mongodb/mongodb-driver-core/3.0.4/mongodb-driver-core-3.0.4.jar:/Users/vivek/.m2/repository/org/apache/httpcomponents/httpcore/4.4.10/httpcore-4.4.10.jar:/Users/vivek/.m2/repository/org/apache/httpcomponents/httpclient/4.5.6/httpclient-4.5.6.jar:/Users/vivek/.m2/repository/org/json/json/20180813/json-20180813.jar:/Users/vivek/.m2/repository/io/rest-assured/rest-assured/3.1.1/rest-assured-3.1.1.jar:/Users/vivek/.m2/repository/org/codehaus/groovy/groovy/2.4.12/groovy-2.4.12.jar:/Users/vivek/.m2/repository/org/codehaus/groovy/groovy-xml/2.4.12/groovy-xml-2.4.12.jar:/Users/vivek/.m2/repository/org/apache/httpcomponents/httpmime/4.5.1/httpmime-4.5.1.jar:/Users/vivek/.m2/repository/org/hamcrest/hamcrest-core/1.3/hamcrest-core-1.3.jar:/Users/vivek/.m2/repository/org/hamcrest/hamcrest-library/1.3/hamcrest-library-1.3.jar:/Users/vivek/.m2/repository/org/ccil/cowan/tagsoup/tagsoup/1.2.1/tagsoup-1.2.1.jar:/Users/vivek/.m2/repository/io/rest-assured/json-path/3.1.1/json-path-3.1.1.jar:/Users/vivek/.m2/repository/org/codehaus/groovy/groovy-json/2.4.12/groovy-json-2.4.12.jar:/Users/vivek/.m2/repository/io/rest-assured/rest-assured-common/3.1.1/rest-assured-common-3.1.1.jar:/Users/vivek/.m2/repository/io/rest-assured/json-schema-validator/3.2.0/json-schema-validator-3.2.0.jar:/Users/vivek/.m2/repository/com/github/fge/json-schema-validator/2.2.6/json-schema-validator-2.2.6.jar:/Users/vivek/.m2/repository/joda-time/joda-time/2.3/joda-time-2.3.jar:/Users/vivek/.m2/repository/com/googlecode/libphonenumber/libphonenumber/6.2/libphonenumber-6.2.jar:/Users/vivek/.m2/repository/com/github/fge/json-schema-core/1.2.5/json-schema-core-1.2.5.jar:/Users/vivek/.m2/repository/com/github/fge/uri-template/0.9/uri-template-0.9.jar:/Users/vivek/.m2/repository/com/github/fge/msg-simple/1.1/msg-simple-1.1.jar:/Users/vivek/.m2/repository/com/github/fge/btf/1.2/btf-1.2.jar:/Users/vivek/.m2/repository/com/github/fge/jackson-coreutils/1.8/jackson-coreutils-1.8.jar:/Users/vivek/.m2/repository/com/fasterxml/jackson/core/jackson-databind/2.2.3/jackson-databind-2.2.3.jar:/Users/vivek/.m2/repository/com/fasterxml/jackson/core/jackson-annotations/2.2.3/jackson-annotations-2.2.3.jar:/Users/vivek/.m2/repository/com/fasterxml/jackson/core/jackson-core/2.2.3/jackson-core-2.2.3.jar:/Users/vivek/.m2/repository/org/mozilla/rhino/1.7R4/rhino-1.7R4.jar:/Users/vivek/.m2/repository/javax/mail/mailapi/1.4.3/mailapi-1.4.3.jar:/Users/vivek/.m2/repository/javax/activation/activation/1.1/activation-1.1.jar:/Users/vivek/.m2/repository/net/sf/jopt-simple/jopt-simple/4.6/jopt-simple-4.6.jar:/Users/vivek/.m2/repository/io/rest-assured/xml-path/3.1.1/xml-path-3.1.1.jar:/Users/vivek/.m2/repository/org/apache/commons/commons-lang3/3.4/commons-lang3-3.4.jar:/Users/vivek/.m2/repository/javax/xml/bind/jaxb-api/2.2.12/jaxb-api-2.2.12.jar:/Users/vivek/.m2/repository/org/hamcrest/java-hamcrest/2.0.0.0/java-hamcrest-2.0.0.0.jar:/Users/vivek/.m2/repository/io/cucumber/gherkin/6.0.14/gherkin-6.0.14.jar:/Users/vivek/.m2/repository/io/cucumber/messages/1.0.4/messages-1.0.4.jar:/Users/vivek/.m2/repository/org/hamcrest/hamcrest-all/1.3/hamcrest-all-1.3.jar:/Users/vivek/.m2/repository/org/apache/maven/surefire/surefire-testng-utils/2.22.0/surefire-testng-utils-2.22.0.jar:/Users/vivek/.m2/repository/org/apache/maven/surefire/surefire-grouper/2.22.0/surefire-grouper-2.22.0.jar:"/>
    <property name="java.vm.vendor" value="Oracle Corporation"/>
    <property name="sun.arch.data.model" value="64"/>
    <property name="java.vendor.url" value="http://java.oracle.com/"/>
    <property name="user.timezone" value=""/>
    <property name="java.vm.specification.version" value="11"/>
    <property name="os.name" value="Mac OS X"/>
    <property name="sun.java.launcher" value="SUN_STANDARD"/>
    <property name="user.country" value="IN"/>
    <property name="sun.boot.library.path" value="/Library/Java/JavaVirtualMachines/jdk-11.jdk/Contents/Home/lib"/>
    <property name="sun.java.command" value="/Users/vivek/eclipse-workspace/datadriven.core/target/surefire/surefirebooter16176316757722494449.jar /Users/vivek/eclipse-workspace/datadriven.core/target/surefire 2018-11-04T00-01-04_663-jvmRun1 surefire1622250649647226339tmp surefire_013362704619132234048tmp"/>
    <property name="http.nonProxyHosts" value="local|*.local|169.254/16|*.169.254/16"/>
    <property name="jdk.debug" value="release"/>
    <property name="surefire.test.class.path" value="/Users/vivek/eclipse-workspace/datadriven.core/target/test-classes:/Users/vivek/eclipse-workspace/datadriven.core/target/classes:/Users/vivek/.m2/repository/commons-io/commons-io/2.6/commons-io-2.6.jar:/Users/vivek/.m2/repository/org/seleniumhq/selenium/selenium-java/3.12.0/selenium-java-3.12.0.jar:/Users/vivek/.m2/repository/org/seleniumhq/selenium/selenium-api/3.12.0/selenium-api-3.12.0.jar:/Users/vivek/.m2/repository/org/seleniumhq/selenium/selenium-chrome-driver/3.12.0/selenium-chrome-driver-3.12.0.jar:/Users/vivek/.m2/repository/org/seleniumhq/selenium/selenium-edge-driver/3.12.0/selenium-edge-driver-3.12.0.jar:/Users/vivek/.m2/repository/org/seleniumhq/selenium/selenium-firefox-driver/3.12.0/selenium-firefox-driver-3.12.0.jar:/Users/vivek/.m2/repository/org/seleniumhq/selenium/selenium-ie-driver/3.12.0/selenium-ie-driver-3.12.0.jar:/Users/vivek/.m2/repository/org/seleniumhq/selenium/selenium-opera-driver/3.12.0/selenium-opera-driver-3.12.0.jar:/Users/vivek/.m2/repository/org/seleniumhq/selenium/selenium-remote-driver/3.12.0/selenium-remote-driver-3.12.0.jar:/Users/vivek/.m2/repository/org/seleniumhq/selenium/selenium-safari-driver/3.12.0/selenium-safari-driver-3.12.0.jar:/Users/vivek/.m2/repository/org/seleniumhq/selenium/selenium-support/3.12.0/selenium-support-3.12.0.jar:/Users/vivek/.m2/repository/net/bytebuddy/byte-buddy/1.8.3/byte-buddy-1.8.3.jar:/Users/vivek/.m2/repository/org/apache/commons/commons-exec/1.3/commons-exec-1.3.jar:/Users/vivek/.m2/repository/commons-codec/commons-codec/1.10/commons-codec-1.10.jar:/Users/vivek/.m2/repository/commons-logging/commons-logging/1.2/commons-logging-1.2.jar:/Users/vivek/.m2/repository/com/google/code/gson/gson/2.8.2/gson-2.8.2.jar:/Users/vivek/.m2/repository/com/google/guava/guava/23.6-jre/guava-23.6-jre.jar:/Users/vivek/.m2/repository/com/google/code/findbugs/jsr305/1.3.9/jsr305-1.3.9.jar:/Users/vivek/.m2/repository/org/checkerframework/checker-compat-qual/2.0.0/checker-compat-qual-2.0.0.jar:/Users/vivek/.m2/repository/com/google/errorprone/error_prone_annotations/2.1.3/error_prone_annotations-2.1.3.jar:/Users/vivek/.m2/repository/com/google/j2objc/j2objc-annotations/1.1/j2objc-annotations-1.1.jar:/Users/vivek/.m2/repository/org/codehaus/mojo/animal-sniffer-annotations/1.14/animal-sniffer-annotations-1.14.jar:/Users/vivek/.m2/repository/com/squareup/okhttp3/okhttp/3.9.1/okhttp-3.9.1.jar:/Users/vivek/.m2/repository/com/squareup/okio/okio/1.13.0/okio-1.13.0.jar:/Users/vivek/.m2/repository/org/testng/testng/6.14.3/testng-6.14.3.jar:/Users/vivek/.m2/repository/com/beust/jcommander/1.72/jcommander-1.72.jar:/Users/vivek/.m2/repository/org/apache-extras/beanshell/bsh/2.0b6/bsh-2.0b6.jar:/Users/vivek/.m2/repository/com/codoid/products/fillo/1.18/fillo-1.18.jar:/Users/vivek/.m2/repository/org/apache/poi/poi/3.6/poi-3.6.jar:/Users/vivek/.m2/repository/log4j/log4j/1.2.13/log4j-1.2.13.jar:/Users/vivek/.m2/repository/org/apache/poi/poi-ooxml/3.6/poi-ooxml-3.6.jar:/Users/vivek/.m2/repository/org/apache/poi/poi-ooxml-schemas/3.6/poi-ooxml-schemas-3.6.jar:/Users/vivek/.m2/repository/org/apache/geronimo/specs/geronimo-stax-api_1.0_spec/1.0/geronimo-stax-api_1.0_spec-1.0.jar:/Users/vivek/.m2/repository/org/apache/poi/poi-scratchpad/3.17/poi-scratchpad-3.17.jar:/Users/vivek/.m2/repository/org/apache/poi/ooxml-schemas/1.3/ooxml-schemas-1.3.jar:/Users/vivek/.m2/repository/org/apache/poi/openxml4j/1.0-beta/openxml4j-1.0-beta.jar:/Users/vivek/.m2/repository/dom4j/dom4j/1.6.1/dom4j-1.6.1.jar:/Users/vivek/.m2/repository/xml-apis/xml-apis/1.0.b2/xml-apis-1.0.b2.jar:/Users/vivek/.m2/repository/org/apache/xmlbeans/xmlbeans/2.6.0/xmlbeans-2.6.0.jar:/Users/vivek/.m2/repository/stax/stax-api/1.0.1/stax-api-1.0.1.jar:/Users/vivek/.m2/repository/com/relevantcodes/extentreports/2.41.2/extentreports-2.41.2.jar:/Users/vivek/.m2/repository/org/jsoup/jsoup/1.8.3/jsoup-1.8.3.jar:/Users/vivek/.m2/repository/org/xerial/sqlite-jdbc/3.8.11.1/sqlite-jdbc-3.8.11.1.jar:/Users/vivek/.m2/repository/org/freemarker/freemarker/2.3.23/freemarker-2.3.23.jar:/Users/vivek/.m2/repository/org/mongodb/mongodb-driver/3.0.4/mongodb-driver-3.0.4.jar:/Users/vivek/.m2/repository/org/mongodb/bson/3.0.4/bson-3.0.4.jar:/Users/vivek/.m2/repository/org/mongodb/mongodb-driver-core/3.0.4/mongodb-driver-core-3.0.4.jar:/Users/vivek/.m2/repository/org/apache/httpcomponents/httpcore/4.4.10/httpcore-4.4.10.jar:/Users/vivek/.m2/repository/org/apache/httpcomponents/httpclient/4.5.6/httpclient-4.5.6.jar:/Users/vivek/.m2/repository/org/json/json/20180813/json-20180813.jar:/Users/vivek/.m2/repository/io/rest-assured/rest-assured/3.1.1/rest-assured-3.1.1.jar:/Users/vivek/.m2/repository/org/codehaus/groovy/groovy/2.4.12/groovy-2.4.12.jar:/Users/vivek/.m2/repository/org/codehaus/groovy/groovy-xml/2.4.12/groovy-xml-2.4.12.jar:/Users/vivek/.m2/repository/org/apache/httpcomponents/httpmime/4.5.1/httpmime-4.5.1.jar:/Users/vivek/.m2/repository/org/hamcrest/hamcrest-core/1.3/hamcrest-core-1.3.jar:/Users/vivek/.m2/repository/org/hamcrest/hamcrest-library/1.3/hamcrest-library-1.3.jar:/Users/vivek/.m2/repository/org/ccil/cowan/tagsoup/tagsoup/1.2.1/tagsoup-1.2.1.jar:/Users/vivek/.m2/repository/io/rest-assured/json-path/3.1.1/json-path-3.1.1.jar:/Users/vivek/.m2/repository/org/codehaus/groovy/groovy-json/2.4.12/groovy-json-2.4.12.jar:/Users/vivek/.m2/repository/io/rest-assured/rest-assured-common/3.1.1/rest-assured-common-3.1.1.jar:/Users/vivek/.m2/repository/io/rest-assured/json-schema-validator/3.2.0/json-schema-validator-3.2.0.jar:/Users/vivek/.m2/repository/com/github/fge/json-schema-validator/2.2.6/json-schema-validator-2.2.6.jar:/Users/vivek/.m2/repository/joda-time/joda-time/2.3/joda-time-2.3.jar:/Users/vivek/.m2/repository/com/googlecode/libphonenumber/libphonenumber/6.2/libphonenumber-6.2.jar:/Users/vivek/.m2/repository/com/github/fge/json-schema-core/1.2.5/json-schema-core-1.2.5.jar:/Users/vivek/.m2/repository/com/github/fge/uri-template/0.9/uri-template-0.9.jar:/Users/vivek/.m2/repository/com/github/fge/msg-simple/1.1/msg-simple-1.1.jar:/Users/vivek/.m2/repository/com/github/fge/btf/1.2/btf-1.2.jar:/Users/vivek/.m2/repository/com/github/fge/jackson-coreutils/1.8/jackson-coreutils-1.8.jar:/Users/vivek/.m2/repository/com/fasterxml/jackson/core/jackson-databind/2.2.3/jackson-databind-2.2.3.jar:/Users/vivek/.m2/repository/com/fasterxml/jackson/core/jackson-annotations/2.2.3/jackson-annotations-2.2.3.jar:/Users/vivek/.m2/repository/com/fasterxml/jackson/core/jackson-core/2.2.3/jackson-core-2.2.3.jar:/Users/vivek/.m2/repository/org/mozilla/rhino/1.7R4/rhino-1.7R4.jar:/Users/vivek/.m2/repository/javax/mail/mailapi/1.4.3/mailapi-1.4.3.jar:/Users/vivek/.m2/repository/javax/activation/activation/1.1/activation-1.1.jar:/Users/vivek/.m2/repository/net/sf/jopt-simple/jopt-simple/4.6/jopt-simple-4.6.jar:/Users/vivek/.m2/repository/io/rest-assured/xml-path/3.1.1/xml-path-3.1.1.jar:/Users/vivek/.m2/repository/org/apache/commons/commons-lang3/3.4/commons-lang3-3.4.jar:/Users/vivek/.m2/repository/javax/xml/bind/jaxb-api/2.2.12/jaxb-api-2.2.12.jar:/Users/vivek/.m2/repository/org/hamcrest/java-hamcrest/2.0.0.0/java-hamcrest-2.0.0.0.jar:/Users/vivek/.m2/repository/io/cucumber/gherkin/6.0.14/gherkin-6.0.14.jar:/Users/vivek/.m2/repository/io/cucumber/messages/1.0.4/messages-1.0.4.jar:/Users/vivek/.m2/repository/org/hamcrest/hamcrest-all/1.3/hamcrest-all-1.3.jar:/Users/vivek/.m2/repository/org/apache/maven/surefire/surefire-testng-utils/2.22.0/surefire-testng-utils-2.22.0.jar:/Users/vivek/.m2/repository/org/apache/maven/surefire/surefire-grouper/2.22.0/surefire-grouper-2.22.0.jar:"/>
    <property name="sun.cpu.endian" value="little"/>
    <property name="user.home" value="/Users/vivek"/>
    <property name="user.language" value="en"/>
    <property name="java.specification.vendor" value="Oracle Corporation"/>
    <property name="java.version.date" value="2018-09-25"/>
    <property name="java.home" value="/Library/Java/JavaVirtualMachines/jdk-11.jdk/Contents/Home"/>
    <property name="file.separator" value="/"/>
    <property name="basedir" value="/Users/vivek/eclipse-workspace/datadriven.core"/>
    <property name="java.vm.compressedOopsMode" value="Zero based"/>
    <property name="line.separator" value="&#10;"/>
    <property name="java.specification.name" value="Java Platform API Specification"/>
    <property name="java.vm.specification.vendor" value="Oracle Corporation"/>
    <property name="java.awt.graphicsenv" value="sun.awt.CGraphicsEnvironment"/>
    <property name="surefire.real.class.path" value="/Users/vivek/eclipse-workspace/datadriven.core/target/surefire/surefirebooter16176316757722494449.jar"/>
    <property name="sun.management.compiler" value="HotSpot 64-Bit Tiered Compilers"/>
    <property name="ftp.nonProxyHosts" value="local|*.local|169.254/16|*.169.254/16"/>
    <property name="java.runtime.version" value="11+28"/>
    <property name="user.name" value="vivek"/>
    <property name="path.separator" value=":"/>
    <property name="os.version" value="10.14"/>
    <property name="java.runtime.name" value="Java(TM) SE Runtime Environment"/>
    <property name="file.encoding" value="UTF-8"/>
    <property name="java.vm.name" value="Java HotSpot(TM) 64-Bit Server VM"/>
    <property name="java.vendor.version" value="18.9"/>
    <property name="localRepository" value="/Users/vivek/.m2/repository"/>
    <property name="java.vendor.url.bug" value="http://bugreport.java.com/bugreport/"/>
    <property name="java.io.tmpdir" value="/var/folders/dk/j9gwnnyd1mzb5z4_ykv6qz2m0000gn/T/"/>
    <property name="java.version" value="11"/>
    <property name="user.dir" value="/Users/vivek/eclipse-workspace/datadriven.core"/>
    <property name="os.arch" value="x86_64"/>
    <property name="java.vm.specification.name" value="Java Virtual Machine Specification"/>
    <property name="java.awt.printerjob" value="sun.lwawt.macosx.CPrinterJob"/>
    <property name="sun.os.patch.level" value="unknown"/>
    <property name="java.library.path" value="/Users/vivek/Library/Java/Extensions:/Library/Java/Extensions:/Network/Library/Java/Extensions:/System/Library/Java/Extensions:/usr/lib/java:."/>
    <property name="java.vendor" value="Oracle Corporation"/>
    <property name="java.vm.info" value="mixed mode"/>
    <property name="java.vm.version" value="11+28"/>
    <property name="sun.io.unicode.encoding" value="UnicodeBig"/>
    <property name="java.class.version" value="55.0"/>
    <property name="socksNonProxyHosts" value="local|*.local|169.254/16|*.169.254/16"/>
  </properties>
  <testcase name="myFirstTestt" classname="com.qa.testcases.MyFirstTest" time="0">
    <skipped message="Runmode of the test data is set to NO for class: MyFirstTest"/>
    <system-out><![CDATA[qa
Before navigating to: 'https://www.ashurst.com/'
 INFO [main] (WebEventListener.java:15)- Before navigating to: 'https://www.ashurst.com/'
Navigated to:'https://www.ashurst.com/'
 INFO [main] (WebEventListener.java:20)- Navigated to:'https://www.ashurst.com/'
MyFirstTest
N
]]></system-out>
    <system-err><![CDATA[Nov 04, 2018 12:01:21 AM org.openqa.selenium.remote.ProtocolHandshake createSession
INFO: Detected dialect: W3C
]]></system-err>
  </testcase>
  <testcase name="myFirstTestt" classname="com.qa.testcases.MyFirstTest" time="0">
    <skipped message="Runmode of the test data is set to NO for class: MyFirstTest"/>
    <system-out><![CDATA[MyFirstTest
N
]]></system-out>
  </testcase>
  <testcase name="mySecondTestt" classname="com.qa.testcases.MyFirstTest" time="0">
    <skipped message="Runmode of the test data is set to NO for class: MyFirstTest"/>
    <system-out><![CDATA[MyFirstTest
N
]]></system-out>
  </testcase>
  <testcase name="loginPageTitleTest" classname="com.qa.testcases.LoginPageTest" time="9.462"/>
</testsuite>