<?xml version="1.0" encoding="UTF-8"?>
<!-- Generated by org.testng.reporters.JUnitReportReporter -->
<testsuite hostname="Viveks-MacBook-Air.local" failures="0" tests="1" name="com.qa.tests.LoginPageTest" time="11.214" errors="0" timestamp="24 Nov 2018 15:51:17 GMT" skipped="0">
  <testcase classname="com.qa.tests.LoginPageTest" name="loginPageTitleTest" time="11.214"/>
</testsuite> <!-- com.qa.tests.LoginPageTest -->
