<?xml version="1.0" encoding="UTF-8"?>
<!-- Generated by org.testng.reporters.JUnitReportReporter -->
<testsuite hostname="IND036" failures="0" tests="2" name="com.qa.tests.R03" time="16.383" errors="0" timestamp="08 May 2019 05:13:52 GMT" skipped="0">
  <testcase classname="com.qa.tests.R03" name="TC_374980" time="8.858"/>
  <testcase classname="com.qa.tests.R03" name="TC_375423_375424" time="7.525"/>
</testsuite> <!-- com.qa.tests.R03 -->
