<?xml version="1.0" encoding="UTF-8"?>
<!-- Generated by org.testng.reporters.JUnitReportReporter -->
<testsuite hostname="Viveks-MacBook-Air.local" failures="0" tests="3" name="com.qa.tests.MyFirstTest" time="14.719" errors="0" timestamp="06 Nov 2018 17:21:33 GMT" skipped="0">
  <testcase classname="com.qa.tests.MyFirstTest" name="mySecondTestt" time="0.552"/>
  <testcase classname="com.qa.tests.MyFirstTest" name="myFirstTestt" time="13.352"/>
  <testcase classname="com.qa.tests.MyFirstTest" name="myFirstTestt" time="0.815"/>
</testsuite> <!-- com.qa.tests.MyFirstTest -->
