<?xml version="1.0" encoding="UTF-8"?>
<!-- Generated by org.testng.reporters.JUnitReportReporter -->
<testsuite hostname="Viveks-MacBook-Air.local" failures="0" tests="1" name="com.qa.util.runner" time="50.083" errors="0" timestamp="03 Nov 2018 18:02:27 GMT" skipped="0">
  <testcase classname="com.qa.util.runner" name="test_runner" time="50.083"/>
</testsuite> <!-- com.qa.util.runner -->
