<?xml version="1.0" encoding="UTF-8"?>
<!-- Generated by org.testng.reporters.JUnitReportReporter -->
<testsuite hostname="Viveks-MacBook-Air.local" failures="0" tests="3" name="com.qa.tests.MyFirstTest" time="22.804" errors="0" timestamp="31 Dec 2018 16:17:01 GMT" skipped="1">
  <testcase classname="com.qa.tests.MyFirstTest" name="mySecondTestt" time="11.045"/>
  <testcase classname="com.qa.tests.MyFirstTest" name="myFirstTestt" time="11.745"/>
  <testcase classname="com.qa.tests.MyFirstTest" name="myFirstTestt" time="0.014">
    <skipped/>
  </testcase> <!-- myFirstTestt -->
</testsuite> <!-- com.qa.tests.MyFirstTest -->
