<?xml version="1.0" encoding="UTF-8"?>
<!-- Generated by org.testng.reporters.JUnitReportReporter -->
<testsuite skipped="2" hostname="IND036" name="com.qa.tests.Tenant_Tests" tests="2" failures="0" timestamp="31 May 2019 07:54:17 GMT" time="0.201" errors="0">
  <testcase name="TC_374980" time="0.098" classname="com.qa.tests.Tenant_Tests">
    <skipped/>
  </testcase> <!-- TC_374980 -->
  <testcase name="createTenant" time="0.103" classname="com.qa.tests.Tenant_Tests">
    <skipped/>
  </testcase> <!-- createTenant -->
</testsuite> <!-- com.qa.tests.Tenant_Tests -->
