<?xml version="1.0" encoding="UTF-8"?>
<!-- Generated by org.testng.reporters.JUnitReportReporter -->
<testsuite hostname="Viveks-MacBook-Air.local" failures="0" tests="1" name="com.qa.tests.LoginPageTest" time="0.010" errors="0" timestamp="15 Nov 2018 18:19:01 GMT" skipped="1">
  <testcase classname="com.qa.tests.LoginPageTest" name="loginPageTitleTest" time="0.010">
    <skipped/>
  </testcase> <!-- loginPageTitleTest -->
</testsuite> <!-- com.qa.tests.LoginPageTest -->
