<?xml version="1.0" encoding="UTF-8"?>
<!-- Generated by org.testng.reporters.JUnitReportReporter -->
<testsuite skipped="1" hostname="WKWIN1946101" name="com.qa.tests.LoginPageTest" tests="1" failures="0" timestamp="13 Nov 2018 10:26:44 GMT" time="0.008" errors="0">
  <testcase name="loginPageTitleTest" time="0.008" classname="com.qa.tests.LoginPageTest">
    <skipped/>
  </testcase> <!-- loginPageTitleTest -->
</testsuite> <!-- com.qa.tests.LoginPageTest -->
