<?xml version="1.0" encoding="UTF-8"?>
<!-- Generated by org.testng.reporters.JUnitReportReporter -->
<testsuite hostname="Viveks-MacBook-Air.local" failures="0" tests="3" name="com.qa.tests.MyFirstTest" time="31.654" errors="0" timestamp="28 Jul 2019 15:41:20 GMT" skipped="1">
  <testcase classname="com.qa.tests.MyFirstTest" name="myFirstTestt" time="20.431"/>
  <testcase classname="com.qa.tests.MyFirstTest" name="myFirstTestt" time="0.005">
    <skipped/>
  </testcase> <!-- myFirstTestt -->
  <testcase classname="com.qa.tests.MyFirstTest" name="mySecondTestt" time="11.218"/>
</testsuite> <!-- com.qa.tests.MyFirstTest -->
