<?xml version="1.0" encoding="UTF-8"?>
<!-- Generated by org.testng.reporters.JUnitReportReporter -->
<testsuite hostname="Viveks-MacBook-Air.local" failures="0" tests="3" name="com.qa.tests.MyFirstTest" time="23.111" errors="0" timestamp="01 Mar 2019 13:49:51 GMT" skipped="1">
  <testcase classname="com.qa.tests.MyFirstTest" name="myFirstTestt" time="0.027">
    <skipped/>
  </testcase> <!-- myFirstTestt -->
  <testcase classname="com.qa.tests.MyFirstTest" name="myFirstTestt" time="12.125"/>
  <testcase classname="com.qa.tests.MyFirstTest" name="mySecondTestt" time="10.959"/>
</testsuite> <!-- com.qa.tests.MyFirstTest -->
