<?xml version="1.0" encoding="UTF-8"?>
<!-- Generated by org.testng.reporters.JUnitReportReporter -->
<testsuite skipped="0" hostname="IND036" name="com.qa.creative_tests.Login" tests="3" failures="0" timestamp="08 Feb 2019 11:34:07 GMT" time="20.192" errors="0">
  <testcase name="welcomePage_shouldLookGood" time="5.936" classname="com.qa.creative_tests.Login"/>
  <testcase name="welcomePage_shouldLookGood" time="8.398" classname="com.qa.creative_tests.Login"/>
  <testcase name="welcomePage_shouldLookGood" time="5.858" classname="com.qa.creative_tests.Login"/>
</testsuite> <!-- com.qa.creative_tests.Login -->
