<?xml version="1.0" encoding="UTF-8"?>
<!-- Generated by org.testng.reporters.JUnitReportReporter -->
<testsuite hostname="Viveks-MacBook-Air.local" failures="0" tests="3" name="com.qa.testcases.MyFirstTest" time="0.545" errors="0" timestamp="03 Nov 2018 18:02:26 GMT" skipped="3">
  <testcase classname="com.qa.testcases.MyFirstTest" name="mySecondTestt" time="0.172">
    <skipped/>
  </testcase> <!-- mySecondTestt -->
  <testcase classname="com.qa.testcases.MyFirstTest" name="myFirstTestt" time="0.162">
    <skipped/>
  </testcase> <!-- myFirstTestt -->
  <testcase classname="com.qa.testcases.MyFirstTest" name="myFirstTestt" time="0.211">
    <skipped/>
  </testcase> <!-- myFirstTestt -->
</testsuite> <!-- com.qa.testcases.MyFirstTest -->
