<?xml version="1.0" encoding="UTF-8"?>
<!-- Generated by org.testng.reporters.JUnitReportReporter -->
<testsuite hostname="Viveks-MacBook-Air.local" failures="0" tests="3" name="com.qa.tests.MyFirstTest" time="27.959" errors="0" timestamp="07 Nov 2018 10:47:34 GMT" skipped="0">
  <testcase classname="com.qa.tests.MyFirstTest" name="myFirstTestt" time="7.484"/>
  <testcase classname="com.qa.tests.MyFirstTest" name="myFirstTestt" time="13.820"/>
  <testcase classname="com.qa.tests.MyFirstTest" name="mySecondTestt" time="6.655"/>
</testsuite> <!-- com.qa.tests.MyFirstTest -->
