<?xml version="1.0" encoding="UTF-8"?>
<!-- Generated by org.testng.reporters.JUnitReportReporter -->
<testsuite hostname="Viveks-MacBook-Air.local" failures="0" tests="3" name="com.qa.tests.MyFirstTest" time="48.805" errors="0" timestamp="13 Nov 2018 17:51:51 GMT" skipped="0">
  <testcase classname="com.qa.tests.MyFirstTest" name="myFirstTestt" time="16.641"/>
  <testcase classname="com.qa.tests.MyFirstTest" name="myFirstTestt" time="17.816"/>
  <testcase classname="com.qa.tests.MyFirstTest" name="mySecondTestt" time="14.348"/>
</testsuite> <!-- com.qa.tests.MyFirstTest -->
