<?xml version="1.0" encoding="UTF-8"?>
<!-- Generated by org.testng.reporters.JUnitReportReporter -->
<testsuite hostname="Viveks-MacBook-Air.local" failures="0" tests="1" name="com.qa.util.test" time="0.028" errors="0" timestamp="24 Feb 2019 14:13:26 GMT" skipped="0">
  <testcase classname="com.qa.util.test" name="testing" time="0.028"/>
</testsuite> <!-- com.qa.util.test -->
