<?xml version="1.0" encoding="UTF-8"?>
<!-- Generated by org.testng.reporters.JUnitReportReporter -->
<testsuite hostname="Viveks-MacBook-Air.local" failures="0" tests="2" name="com.qa.util.test" time="0.017" errors="0" timestamp="02 Jun 2019 11:50:24 GMT" skipped="0">
  <testcase classname="com.qa.util.test" name="testing" time="0.009"/>
  <testcase classname="com.qa.util.test" name="testing" time="0.008"/>
</testsuite> <!-- com.qa.util.test -->
