<?xml version="1.0" encoding="UTF-8"?>
<!-- Generated by org.testng.reporters.JUnitReportReporter -->
<testsuite skipped="3" hostname="IND036" name="com.qa.tests.R03" tests="5" failures="0" timestamp="31 May 2019 07:54:17 GMT" time="359.901" errors="0">
  <testcase name="TC_374980" time="9.310" classname="com.qa.tests.R03"/>
  <testcase name="TC_375423_375424" time="0.106" classname="com.qa.tests.R03">
    <skipped/>
  </testcase> <!-- TC_375423_375424 -->
  <testcase name="TC_375426" time="0.111" classname="com.qa.tests.R03">
    <skipped/>
  </testcase> <!-- TC_375426 -->
  <testcase name="deleteApplication" time="0.116" classname="com.qa.tests.R03">
    <skipped/>
  </testcase> <!-- deleteApplication -->
  <testcase name="createUser" time="350.258" classname="com.qa.tests.R03"/>
</testsuite> <!-- com.qa.tests.R03 -->
