<?xml version="1.0" encoding="UTF-8"?>
<!-- Generated by org.testng.reporters.JUnitReportReporter -->
<testsuite hostname="Viveks-MacBook-Air.local" failures="0" tests="3" name="com.qa.tests.MyFirstTest" time="31.825" errors="0" timestamp="06 Nov 2018 14:31:28 GMT" skipped="0">
  <testcase classname="com.qa.tests.MyFirstTest" name="myFirstTestt" time="0.612"/>
  <testcase classname="com.qa.tests.MyFirstTest" name="myFirstTestt" time="30.577"/>
  <testcase classname="com.qa.tests.MyFirstTest" name="mySecondTestt" time="0.636"/>
</testsuite> <!-- com.qa.tests.MyFirstTest -->
