<?xml version="1.0" encoding="UTF-8"?>
<!-- Generated by org.testng.reporters.JUnitReportReporter -->
<testsuite hostname="Viveks-MacBook-Air.local" failures="0" tests="3" name="com.qa.creative_tests.Login" time="12.034" errors="0" timestamp="27 Jan 2019 14:36:09 GMT" skipped="0">
  <testcase classname="com.qa.creative_tests.Login" name="welcomePage_shouldLookGood" time="4.299"/>
  <testcase classname="com.qa.creative_tests.Login" name="welcomePage_shouldLookGood" time="3.568"/>
  <testcase classname="com.qa.creative_tests.Login" name="welcomePage_shouldLookGood" time="4.167"/>
</testsuite> <!-- com.qa.creative_tests.Login -->
