<?xml version="1.0" encoding="UTF-8"?>
<!-- Generated by org.testng.reporters.JUnitReportReporter -->
<testsuite hostname="Viveks-MacBook-Air.local" failures="0" tests="2" name="com.qa.util.jsonReader" time="0.015" errors="0" timestamp="05 Nov 2018 22:12:33 GMT" skipped="0">
  <testcase classname="com.qa.util.jsonReader" name="testing" time="0.002"/>
  <testcase classname="com.qa.util.jsonReader" name="testing" time="0.013"/>
</testsuite> <!-- com.qa.util.jsonReader -->
