<?xml version="1.0" encoding="UTF-8"?>
<!-- Generated by org.testng.reporters.JUnitReportReporter -->
<testsuite skipped="3" hostname="IND036" name="com.qa.tests.MyFirstTest" tests="3" failures="0" timestamp="03 May 2019 11:11:13 GMT" time="0.132" errors="0">
  <testcase name="mySecondTestt" time="0.047" classname="com.qa.tests.MyFirstTest">
    <skipped/>
  </testcase> <!-- mySecondTestt -->
  <testcase name="myFirstTestt" time="0.054" classname="com.qa.tests.MyFirstTest">
    <skipped/>
  </testcase> <!-- myFirstTestt -->
  <testcase name="myFirstTestt" time="0.031" classname="com.qa.tests.MyFirstTest">
    <skipped/>
  </testcase> <!-- myFirstTestt -->
</testsuite> <!-- com.qa.tests.MyFirstTest -->
