<?xml version="1.0" encoding="UTF-8"?>
<!-- Generated by org.testng.reporters.JUnitReportReporter -->
<testsuite hostname="Viveks-MacBook-Air.local" failures="0" tests="3" name="com.qa.tests.MyFirstTest" time="18.367" errors="0" timestamp="24 Nov 2018 15:51:17 GMT" skipped="1">
  <testcase classname="com.qa.tests.MyFirstTest" name="myFirstTestt" time="13.099"/>
  <testcase classname="com.qa.tests.MyFirstTest" name="myFirstTestt" time="0.008">
    <skipped/>
  </testcase> <!-- myFirstTestt -->
  <testcase classname="com.qa.tests.MyFirstTest" name="mySecondTestt" time="5.260"/>
</testsuite> <!-- com.qa.tests.MyFirstTest -->
