<?xml version="1.0" encoding="UTF-8"?>
<!-- Generated by org.testng.reporters.JUnitReportReporter -->
<testsuite hostname="Viveks-MacBook-Air.local" failures="0" tests="3" name="com.qa.tests.MyFirstTest" time="38.789" errors="0" timestamp="12 Nov 2018 08:40:57 GMT" skipped="0">
  <testcase classname="com.qa.tests.MyFirstTest" name="mySecondTestt" time="12.731"/>
  <testcase classname="com.qa.tests.MyFirstTest" name="myFirstTestt" time="12.398"/>
  <testcase classname="com.qa.tests.MyFirstTest" name="myFirstTestt" time="13.660"/>
</testsuite> <!-- com.qa.tests.MyFirstTest -->
