<?xml version="1.0" encoding="UTF-8"?>
<!-- Generated by org.testng.reporters.JUnitReportReporter -->
<testsuite hostname="Viveks-MacBook-Air.local" failures="0" tests="3" name="com.qa.tests.MyFirstTest" time="0.110" errors="0" timestamp="13 Nov 2018 16:52:12 GMT" skipped="3">
  <testcase classname="com.qa.tests.MyFirstTest" name="mySecondTestt" time="0.036">
    <skipped/>
  </testcase> <!-- mySecondTestt -->
  <testcase classname="com.qa.tests.MyFirstTest" name="myFirstTestt" time="0.038">
    <skipped/>
  </testcase> <!-- myFirstTestt -->
  <testcase classname="com.qa.tests.MyFirstTest" name="myFirstTestt" time="0.036">
    <skipped/>
  </testcase> <!-- myFirstTestt -->
</testsuite> <!-- com.qa.tests.MyFirstTest -->
