<?xml version="1.0" encoding="UTF-8"?>
<!-- Generated by org.testng.reporters.JUnitReportReporter -->
<testsuite hostname="Viveks-MacBook-Air.local" failures="0" tests="1" name="com.qa.tests.LoginPageTest" time="12.000" errors="0" timestamp="31 Dec 2018 16:17:01 GMT" skipped="0">
  <testcase classname="com.qa.tests.LoginPageTest" name="loginPageTitleTest" time="12.000"/>
</testsuite> <!-- com.qa.tests.LoginPageTest -->
