<?xml version="1.0" encoding="UTF-8"?>
<!-- Generated by org.testng.reporters.JUnitReportReporter -->
<testsuite skipped="1" hostname="IND036" name="com.qa.tests.LoginPageTest" tests="1" failures="0" timestamp="03 May 2019 11:11:13 GMT" time="0.046" errors="0">
  <testcase name="loginPageTitleTest" time="0.046" classname="com.qa.tests.LoginPageTest">
    <skipped/>
  </testcase> <!-- loginPageTitleTest -->
</testsuite> <!-- com.qa.tests.LoginPageTest -->
