<?xml version="1.0" encoding="UTF-8"?>
<!-- Generated by org.testng.reporters.JUnitReportReporter -->
<testsuite hostname="Viveks-MacBook-Air.local" failures="0" tests="1" name="com.qa.util.jsonReader" time="0.065" errors="0" timestamp="06 Nov 2018 14:28:54 GMT" skipped="0">
  <testcase classname="com.qa.util.jsonReader" name="testing" time="0.065"/>
</testsuite> <!-- com.qa.util.jsonReader -->
