<?xml version="1.0" encoding="UTF-8"?>
<!-- Generated by org.testng.reporters.JUnitReportReporter -->
<testsuite hostname="Viveks-MacBook-Air.local" failures="0" tests="3" name="com.qa.creative_tests.Login" time="12.992" errors="0" timestamp="31 Dec 2018 16:15:02 GMT" skipped="0">
  <testcase classname="com.qa.creative_tests.Login" name="welcomePage_shouldLookGood" time="3.794"/>
  <testcase classname="com.qa.creative_tests.Login" name="welcomePage_shouldLookGood" time="4.677"/>
  <testcase classname="com.qa.creative_tests.Login" name="welcomePage_shouldLookGood" time="4.521"/>
</testsuite> <!-- com.qa.creative_tests.Login -->
