<?xml version="1.0" encoding="UTF-8"?>
<!-- Generated by org.testng.reporters.JUnitReportReporter -->
<testsuite skipped="0" hostname="WKWIN1946101" name="com.qa.tests.MyFirstTest" tests="3" failures="0" timestamp="13 Nov 2018 10:26:44 GMT" time="35.571" errors="0">
  <testcase name="myFirstTestt" time="10.916" classname="com.qa.tests.MyFirstTest"/>
  <testcase name="myFirstTestt" time="13.951" classname="com.qa.tests.MyFirstTest"/>
  <testcase name="mySecondTestt" time="10.704" classname="com.qa.tests.MyFirstTest"/>
</testsuite> <!-- com.qa.tests.MyFirstTest -->
