<?xml version="1.0" encoding="UTF-8"?>
<!-- Generated by org.testng.reporters.JUnitReportReporter -->
<testsuite hostname="Viveks-MacBook-Air.local" failures="0" tests="3" name="com.qa.testcases.MyFirstTest" time="7.558" errors="0" timestamp="05 Nov 2018 23:04:16 GMT" skipped="0">
  <testcase classname="com.qa.testcases.MyFirstTest" name="myFirstTestt" time="0.911"/>
  <testcase classname="com.qa.testcases.MyFirstTest" name="mySecondTestt" time="0.824"/>
  <testcase classname="com.qa.testcases.MyFirstTest" name="myFirstTestt" time="5.823"/>
</testsuite> <!-- com.qa.testcases.MyFirstTest -->
