<?xml version="1.0" encoding="UTF-8"?>
<!-- Generated by org.testng.reporters.JUnitReportReporter -->
<testsuite hostname="Viveks-MacBook-Air.local" failures="0" tests="3" name="com.qa.tests.MyFirstTest" time="44.746" errors="0" timestamp="13 Nov 2018 17:42:41 GMT" skipped="0">
  <testcase classname="com.qa.tests.MyFirstTest" name="myFirstTestt" time="14.726"/>
  <testcase classname="com.qa.tests.MyFirstTest" name="mySecondTestt" time="15.349"/>
  <testcase classname="com.qa.tests.MyFirstTest" name="myFirstTestt" time="14.671"/>
</testsuite> <!-- com.qa.tests.MyFirstTest -->
