<?xml version="1.0" encoding="UTF-8"?>
<!-- Generated by org.testng.reporters.JUnitReportReporter -->
<testsuite skipped="0" hostname="IND036" name="com.qa.tests.Login" tests="1" failures="0" timestamp="03 May 2019 09:25:23 GMT" time="5.911" errors="0">
  <testcase name="verify_login" time="5.911" classname="com.qa.tests.Login"/>
</testsuite> <!-- com.qa.tests.Login -->
