<?xml version="1.0" encoding="UTF-8"?>
<!-- Generated by org.testng.reporters.JUnitReportReporter -->
<testsuite hostname="Viveks-MacBook-Air.local" failures="0" tests="3" name="com.qa.testcases.MyFirstTest" time="0.199" errors="0" timestamp="04 Nov 2018 05:06:00 GMT" skipped="3">
  <testcase classname="com.qa.testcases.MyFirstTest" name="mySecondTestt" time="0.049">
    <skipped/>
  </testcase> <!-- mySecondTestt -->
  <testcase classname="com.qa.testcases.MyFirstTest" name="myFirstTestt" time="0.082">
    <skipped/>
  </testcase> <!-- myFirstTestt -->
  <testcase classname="com.qa.testcases.MyFirstTest" name="myFirstTestt" time="0.068">
    <skipped/>
  </testcase> <!-- myFirstTestt -->
</testsuite> <!-- com.qa.testcases.MyFirstTest -->
