<?xml version="1.0" encoding="UTF-8"?>
<!-- Generated by org.testng.reporters.JUnitReportReporter -->
<testsuite hostname="Viveks-MacBook-Air.local" failures="0" tests="3" name="com.qa.testcases.MyFirstTest" time="0.262" errors="0" timestamp="03 Nov 2018 18:31:53 GMT" skipped="3">
  <testcase classname="com.qa.testcases.MyFirstTest" name="myFirstTestt" time="0.105">
    <skipped/>
  </testcase> <!-- myFirstTestt -->
  <testcase classname="com.qa.testcases.MyFirstTest" name="myFirstTestt" time="0.094">
    <skipped/>
  </testcase> <!-- myFirstTestt -->
  <testcase classname="com.qa.testcases.MyFirstTest" name="mySecondTestt" time="0.063">
    <skipped/>
  </testcase> <!-- mySecondTestt -->
</testsuite> <!-- com.qa.testcases.MyFirstTest -->
