<?xml version="1.0" encoding="UTF-8"?>
<!-- Generated by org.testng.reporters.JUnitReportReporter -->
<testsuite hostname="Viveks-MacBook-Air.local" failures="0" tests="1" name="com.qa.testcases.LoginPageTest" time="9.491" errors="0" timestamp="03 Nov 2018 18:31:53 GMT" skipped="0">
  <testcase classname="com.qa.testcases.LoginPageTest" name="loginPageTitleTest" time="9.491"/>
</testsuite> <!-- com.qa.testcases.LoginPageTest -->
